2016-04-25 15:29:46 149 开始加载视频...
2016-04-25 15:29:46 155 C:\Program Files (x86)\Java\jdk1.8.0_20\bin;C:\WINDOWS\Sun\Java\bin;C:\WINDOWS\system32;C:\WINDOWS;C:\Program Files (x86)\NVIDIA Corporation\PhysX\Common;C:\ProgramData\Oracle\Java\javapath;C:\WINDOWS\system32;C:\WINDOWS;C:\WINDOWS\System32\Wbem;C:\WINDOWS\System32\WindowsPowerShell\v1.0\;C:\Program Files\TortoiseSVN\bin;C:\Program Files\Microsoft SQL Server\120\DTS\Binn\;C:\Program Files\Microsoft SQL Server\Client SDK\ODBC\110\Tools\Binn\;D:\Program Files (x86)\Microsoft SQL Server\120\Tools\Binn\;C:\Program Files\Microsoft SQL Server\120\Tools\Binn\;D:\Program Files (x86)\Microsoft SQL Server\120\Tools\Binn\ManagementStudio\;D:\Program Files (x86)\Microsoft SQL Server\120\DTS\Binn\;.
2016-04-25 15:29:46 160 视频异常
java.lang.UnsatisfiedLinkError: no saa7134 in java.library.path
	at java.lang.ClassLoader.loadLibrary(ClassLoader.java:1857)
	at java.lang.Runtime.loadLibrary0(Runtime.java:870)
	at java.lang.System.loadLibrary(System.java:1119)
	at nc.ui.mes.video.SAA7134.<clinit>(SAA7134.java:27)
	at ui.VideoJFrame.initVideo(VideoJFrame.java:612)
	at ui.VideoJFrame.initComp(VideoJFrame.java:581)
	at ui.VideoJFrame.init(VideoJFrame.java:564)
	at videotest.VideoTest.main(VideoTest.java:17)
2016-04-25 15:29:46 162 加载视频结束
2016-04-25 15:30:19 832 开始加载视频...
2016-04-25 15:30:19 835 C:\Program Files (x86)\Java\jdk1.8.0_20\bin;C:\WINDOWS\Sun\Java\bin;C:\WINDOWS\system32;C:\WINDOWS;C:\Program Files (x86)\NVIDIA Corporation\PhysX\Common;C:\ProgramData\Oracle\Java\javapath;C:\WINDOWS\system32;C:\WINDOWS;C:\WINDOWS\System32\Wbem;C:\WINDOWS\System32\WindowsPowerShell\v1.0\;C:\Program Files\TortoiseSVN\bin;C:\Program Files\Microsoft SQL Server\120\DTS\Binn\;C:\Program Files\Microsoft SQL Server\Client SDK\ODBC\110\Tools\Binn\;D:\Program Files (x86)\Microsoft SQL Server\120\Tools\Binn\;C:\Program Files\Microsoft SQL Server\120\Tools\Binn\;D:\Program Files (x86)\Microsoft SQL Server\120\Tools\Binn\ManagementStudio\;D:\Program Files (x86)\Microsoft SQL Server\120\DTS\Binn\;.
2016-04-25 15:30:19 840 视频异常
java.lang.UnsatisfiedLinkError: no saa7134 in java.library.path
	at java.lang.ClassLoader.loadLibrary(ClassLoader.java:1857)
	at java.lang.Runtime.loadLibrary0(Runtime.java:870)
	at java.lang.System.loadLibrary(System.java:1119)
	at nc.ui.mes.video.SAA7134.<clinit>(SAA7134.java:27)
	at ui.VideoJFrame.initVideo(VideoJFrame.java:612)
	at ui.VideoJFrame.initComp(VideoJFrame.java:581)
	at ui.VideoJFrame.init(VideoJFrame.java:564)
	at videotest.VideoTest.main(VideoTest.java:17)
2016-04-25 15:30:19 842 加载视频结束
2016-04-25 15:31:34 124 开始加载视频...
2016-04-25 15:31:34 126 C:\Program Files (x86)\Java\jdk1.8.0_20\bin;C:\WINDOWS\Sun\Java\bin;C:\WINDOWS\system32;C:\WINDOWS;C:\Program Files (x86)\NVIDIA Corporation\PhysX\Common;C:\ProgramData\Oracle\Java\javapath;C:\WINDOWS\system32;C:\WINDOWS;C:\WINDOWS\System32\Wbem;C:\WINDOWS\System32\WindowsPowerShell\v1.0\;C:\Program Files\TortoiseSVN\bin;C:\Program Files\Microsoft SQL Server\120\DTS\Binn\;C:\Program Files\Microsoft SQL Server\Client SDK\ODBC\110\Tools\Binn\;D:\Program Files (x86)\Microsoft SQL Server\120\Tools\Binn\;C:\Program Files\Microsoft SQL Server\120\Tools\Binn\;D:\Program Files (x86)\Microsoft SQL Server\120\Tools\Binn\ManagementStudio\;D:\Program Files (x86)\Microsoft SQL Server\120\DTS\Binn\;.
2016-04-25 15:31:34 132 视频异常
java.lang.UnsatisfiedLinkError: no saa7134 in java.library.path
	at java.lang.ClassLoader.loadLibrary(ClassLoader.java:1857)
	at java.lang.Runtime.loadLibrary0(Runtime.java:870)
	at java.lang.System.loadLibrary(System.java:1119)
	at nc.ui.mes.video.SAA7134.<clinit>(SAA7134.java:27)
	at ui.VideoJFrame.initVideo(VideoJFrame.java:606)
	at ui.VideoJFrame.initComp(VideoJFrame.java:575)
	at ui.VideoJFrame.init(VideoJFrame.java:558)
	at videotest.VideoTest.main(VideoTest.java:17)
2016-04-25 15:31:34 133 加载视频结束
2016-04-25 15:31:39 605 视频监控发现视频未正常显示，重新启动视频
2016-04-25 15:31:40 605 开始加载视频...
2016-04-25 15:31:40 605 视频异常
java.lang.NoClassDefFoundError: Could not initialize class nc.ui.mes.video.SAA7134
	at ui.VideoJFrame.initVideo(VideoJFrame.java:606)
	at ui.VideoJFrame$16.run(VideoJFrame.java:678)
2016-04-25 15:31:40 605 加载视频结束
2016-04-25 15:31:55 873 开始加载视频...
2016-04-25 15:31:55 876 C:\Program Files (x86)\Java\jdk1.8.0_20\bin;C:\WINDOWS\Sun\Java\bin;C:\WINDOWS\system32;C:\WINDOWS;C:\Program Files (x86)\NVIDIA Corporation\PhysX\Common;C:\ProgramData\Oracle\Java\javapath;C:\WINDOWS\system32;C:\WINDOWS;C:\WINDOWS\System32\Wbem;C:\WINDOWS\System32\WindowsPowerShell\v1.0\;C:\Program Files\TortoiseSVN\bin;C:\Program Files\Microsoft SQL Server\120\DTS\Binn\;C:\Program Files\Microsoft SQL Server\Client SDK\ODBC\110\Tools\Binn\;D:\Program Files (x86)\Microsoft SQL Server\120\Tools\Binn\;C:\Program Files\Microsoft SQL Server\120\Tools\Binn\;D:\Program Files (x86)\Microsoft SQL Server\120\Tools\Binn\ManagementStudio\;D:\Program Files (x86)\Microsoft SQL Server\120\DTS\Binn\;.
2016-04-25 15:31:55 880 视频异常
java.lang.UnsatisfiedLinkError: no saa7134 in java.library.path
	at java.lang.ClassLoader.loadLibrary(ClassLoader.java:1857)
	at java.lang.Runtime.loadLibrary0(Runtime.java:870)
	at java.lang.System.loadLibrary(System.java:1119)
	at nc.ui.mes.video.SAA7134.<clinit>(SAA7134.java:27)
	at ui.VideoJFrame.initVideo(VideoJFrame.java:606)
	at ui.VideoJFrame.initComp(VideoJFrame.java:575)
	at ui.VideoJFrame.init(VideoJFrame.java:558)
	at videotest.VideoTest.main(VideoTest.java:17)
2016-04-25 15:31:55 883 加载视频结束
2016-04-25 15:32:01 323 视频监控发现视频未正常显示，重新启动视频
2016-04-25 15:32:02 323 开始加载视频...
2016-04-25 15:32:02 323 视频异常
java.lang.NoClassDefFoundError: Could not initialize class nc.ui.mes.video.SAA7134
	at ui.VideoJFrame.initVideo(VideoJFrame.java:606)
	at ui.VideoJFrame$16.run(VideoJFrame.java:678)
2016-04-25 15:32:02 323 加载视频结束
2016-04-25 15:32:07 378 视频监控发现视频未正常显示，重新启动视频
2016-04-25 15:32:08 380 开始加载视频...
2016-04-25 15:32:08 380 视频异常
java.lang.NoClassDefFoundError: Could not initialize class nc.ui.mes.video.SAA7134
	at ui.VideoJFrame.initVideo(VideoJFrame.java:606)
	at ui.VideoJFrame$16.run(VideoJFrame.java:678)
2016-04-25 15:32:08 380 加载视频结束
2016-04-25 15:34:40 103 开始加载视频...
2016-04-25 15:34:40 106 C:\Program Files (x86)\Java\jdk1.8.0_20\bin;C:\WINDOWS\Sun\Java\bin;C:\WINDOWS\system32;C:\WINDOWS;C:\Program Files (x86)\NVIDIA Corporation\PhysX\Common;C:\ProgramData\Oracle\Java\javapath;C:\WINDOWS\system32;C:\WINDOWS;C:\WINDOWS\System32\Wbem;C:\WINDOWS\System32\WindowsPowerShell\v1.0\;C:\Program Files\TortoiseSVN\bin;C:\Program Files\Microsoft SQL Server\120\DTS\Binn\;C:\Program Files\Microsoft SQL Server\Client SDK\ODBC\110\Tools\Binn\;D:\Program Files (x86)\Microsoft SQL Server\120\Tools\Binn\;C:\Program Files\Microsoft SQL Server\120\Tools\Binn\;D:\Program Files (x86)\Microsoft SQL Server\120\Tools\Binn\ManagementStudio\;D:\Program Files (x86)\Microsoft SQL Server\120\DTS\Binn\;.
2016-04-25 15:34:40 112 视频异常
java.lang.UnsatisfiedLinkError: no saa7134 in java.library.path
	at java.lang.ClassLoader.loadLibrary(ClassLoader.java:1857)
	at java.lang.Runtime.loadLibrary0(Runtime.java:870)
	at java.lang.System.loadLibrary(System.java:1119)
	at nc.ui.mes.video.SAA7134.<clinit>(SAA7134.java:27)
	at ui.VideoJFrame.initVideo(VideoJFrame.java:617)
	at ui.VideoJFrame.initComp(VideoJFrame.java:586)
	at ui.VideoJFrame.init(VideoJFrame.java:569)
	at videotest.VideoTest.main(VideoTest.java:17)
2016-04-25 15:34:40 114 加载视频结束
2016-04-25 15:35:22 276 开始加载视频...
2016-04-25 15:35:22 278 C:\Program Files (x86)\Java\jdk1.8.0_20\bin;C:\WINDOWS\Sun\Java\bin;C:\WINDOWS\system32;C:\WINDOWS;C:\Program Files (x86)\NVIDIA Corporation\PhysX\Common;C:\ProgramData\Oracle\Java\javapath;C:\WINDOWS\system32;C:\WINDOWS;C:\WINDOWS\System32\Wbem;C:\WINDOWS\System32\WindowsPowerShell\v1.0\;C:\Program Files\TortoiseSVN\bin;C:\Program Files\Microsoft SQL Server\120\DTS\Binn\;C:\Program Files\Microsoft SQL Server\Client SDK\ODBC\110\Tools\Binn\;D:\Program Files (x86)\Microsoft SQL Server\120\Tools\Binn\;C:\Program Files\Microsoft SQL Server\120\Tools\Binn\;D:\Program Files (x86)\Microsoft SQL Server\120\Tools\Binn\ManagementStudio\;D:\Program Files (x86)\Microsoft SQL Server\120\DTS\Binn\;.
2016-04-25 15:35:22 283 视频异常
java.lang.UnsatisfiedLinkError: no saa7134 in java.library.path
	at java.lang.ClassLoader.loadLibrary(ClassLoader.java:1857)
	at java.lang.Runtime.loadLibrary0(Runtime.java:870)
	at java.lang.System.loadLibrary(System.java:1119)
	at nc.ui.mes.video.SAA7134.<clinit>(SAA7134.java:27)
	at ui.VideoJFrame.initVideo(VideoJFrame.java:615)
	at ui.VideoJFrame.initComp(VideoJFrame.java:584)
	at ui.VideoJFrame.init(VideoJFrame.java:567)
	at videotest.VideoTest.main(VideoTest.java:17)
2016-04-25 15:35:22 285 加载视频结束
2016-04-25 15:37:04 067 开始加载视频...
2016-04-25 15:37:04 070 C:\Program Files (x86)\Java\jdk1.8.0_20\bin;C:\WINDOWS\Sun\Java\bin;C:\WINDOWS\system32;C:\WINDOWS;C:\Program Files (x86)\NVIDIA Corporation\PhysX\Common;C:\ProgramData\Oracle\Java\javapath;C:\WINDOWS\system32;C:\WINDOWS;C:\WINDOWS\System32\Wbem;C:\WINDOWS\System32\WindowsPowerShell\v1.0\;C:\Program Files\TortoiseSVN\bin;C:\Program Files\Microsoft SQL Server\120\DTS\Binn\;C:\Program Files\Microsoft SQL Server\Client SDK\ODBC\110\Tools\Binn\;D:\Program Files (x86)\Microsoft SQL Server\120\Tools\Binn\;C:\Program Files\Microsoft SQL Server\120\Tools\Binn\;D:\Program Files (x86)\Microsoft SQL Server\120\Tools\Binn\ManagementStudio\;D:\Program Files (x86)\Microsoft SQL Server\120\DTS\Binn\;.
2016-04-25 15:37:04 074 视频异常
java.lang.UnsatisfiedLinkError: no saa7134 in java.library.path
	at java.lang.ClassLoader.loadLibrary(ClassLoader.java:1857)
	at java.lang.Runtime.loadLibrary0(Runtime.java:870)
	at java.lang.System.loadLibrary(System.java:1119)
	at nc.ui.mes.video.SAA7134.<clinit>(SAA7134.java:27)
	at ui.VideoJFrame.initVideo(VideoJFrame.java:615)
	at ui.VideoJFrame.initComp(VideoJFrame.java:584)
	at ui.VideoJFrame.init(VideoJFrame.java:567)
	at videotest.VideoTest.main(VideoTest.java:17)
2016-04-25 15:37:04 076 加载视频结束
2016-04-25 15:37:09 654 视频监控发现视频未正常显示，重新启动视频
2016-04-25 15:37:10 655 开始加载视频...
2016-04-25 15:37:10 655 视频异常
java.lang.NoClassDefFoundError: Could not initialize class nc.ui.mes.video.SAA7134
	at ui.VideoJFrame.initVideo(VideoJFrame.java:615)
	at ui.VideoJFrame$16.run(VideoJFrame.java:687)
2016-04-25 15:37:10 655 加载视频结束
2016-04-25 15:37:15 713 视频监控发现视频未正常显示，重新启动视频
2016-04-25 15:37:16 713 开始加载视频...
2016-04-25 15:37:16 713 视频异常
java.lang.NoClassDefFoundError: Could not initialize class nc.ui.mes.video.SAA7134
	at ui.VideoJFrame.initVideo(VideoJFrame.java:615)
	at ui.VideoJFrame$16.run(VideoJFrame.java:687)
2016-04-25 15:37:16 713 加载视频结束
2016-04-25 15:38:08 250 开始加载视频...
2016-04-25 15:38:08 252 C:\Program Files (x86)\Java\jdk1.8.0_20\bin;C:\WINDOWS\Sun\Java\bin;C:\WINDOWS\system32;C:\WINDOWS;C:\Program Files (x86)\NVIDIA Corporation\PhysX\Common;C:\ProgramData\Oracle\Java\javapath;C:\WINDOWS\system32;C:\WINDOWS;C:\WINDOWS\System32\Wbem;C:\WINDOWS\System32\WindowsPowerShell\v1.0\;C:\Program Files\TortoiseSVN\bin;C:\Program Files\Microsoft SQL Server\120\DTS\Binn\;C:\Program Files\Microsoft SQL Server\Client SDK\ODBC\110\Tools\Binn\;D:\Program Files (x86)\Microsoft SQL Server\120\Tools\Binn\;C:\Program Files\Microsoft SQL Server\120\Tools\Binn\;D:\Program Files (x86)\Microsoft SQL Server\120\Tools\Binn\ManagementStudio\;D:\Program Files (x86)\Microsoft SQL Server\120\DTS\Binn\;.
2016-04-25 15:38:08 257 视频异常
java.lang.UnsatisfiedLinkError: no saa7134 in java.library.path
	at java.lang.ClassLoader.loadLibrary(ClassLoader.java:1857)
	at java.lang.Runtime.loadLibrary0(Runtime.java:870)
	at java.lang.System.loadLibrary(System.java:1119)
	at nc.ui.mes.video.SAA7134.<clinit>(SAA7134.java:27)
	at ui.VideoJFrame.initVideo(VideoJFrame.java:615)
	at ui.VideoJFrame.initComp(VideoJFrame.java:584)
	at ui.VideoJFrame.init(VideoJFrame.java:567)
	at videotest.VideoTest.main(VideoTest.java:17)
2016-04-25 15:38:08 259 加载视频结束
2016-04-25 15:38:13 714 视频监控发现视频未正常显示，重新启动视频
2016-04-25 15:38:14 714 开始加载视频...
2016-04-25 15:38:14 714 视频异常
java.lang.NoClassDefFoundError: Could not initialize class nc.ui.mes.video.SAA7134
	at ui.VideoJFrame.initVideo(VideoJFrame.java:615)
	at ui.VideoJFrame$16.run(VideoJFrame.java:687)
2016-04-25 15:38:14 715 加载视频结束
2016-04-25 15:38:19 771 视频监控发现视频未正常显示，重新启动视频
2016-04-25 15:38:20 772 开始加载视频...
2016-04-25 15:38:20 772 视频异常
java.lang.NoClassDefFoundError: Could not initialize class nc.ui.mes.video.SAA7134
	at ui.VideoJFrame.initVideo(VideoJFrame.java:615)
	at ui.VideoJFrame$16.run(VideoJFrame.java:687)
2016-04-25 15:38:20 772 加载视频结束
2016-04-25 15:38:25 830 视频监控发现视频未正常显示，重新启动视频
2016-04-25 15:38:26 830 开始加载视频...
2016-04-25 15:38:26 830 视频异常
java.lang.NoClassDefFoundError: Could not initialize class nc.ui.mes.video.SAA7134
	at ui.VideoJFrame.initVideo(VideoJFrame.java:615)
	at ui.VideoJFrame$16.run(VideoJFrame.java:687)
2016-04-25 15:38:26 830 加载视频结束
2016-04-25 15:39:30 982 开始加载视频...
2016-04-25 15:39:30 984 C:\Program Files (x86)\Java\jdk1.8.0_20\bin;C:\WINDOWS\Sun\Java\bin;C:\WINDOWS\system32;C:\WINDOWS;C:\Program Files (x86)\NVIDIA Corporation\PhysX\Common;C:\ProgramData\Oracle\Java\javapath;C:\WINDOWS\system32;C:\WINDOWS;C:\WINDOWS\System32\Wbem;C:\WINDOWS\System32\WindowsPowerShell\v1.0\;C:\Program Files\TortoiseSVN\bin;C:\Program Files\Microsoft SQL Server\120\DTS\Binn\;C:\Program Files\Microsoft SQL Server\Client SDK\ODBC\110\Tools\Binn\;D:\Program Files (x86)\Microsoft SQL Server\120\Tools\Binn\;C:\Program Files\Microsoft SQL Server\120\Tools\Binn\;D:\Program Files (x86)\Microsoft SQL Server\120\Tools\Binn\ManagementStudio\;D:\Program Files (x86)\Microsoft SQL Server\120\DTS\Binn\;.
2016-04-25 15:39:30 990 视频异常
java.lang.UnsatisfiedLinkError: no saa7134 in java.library.path
	at java.lang.ClassLoader.loadLibrary(ClassLoader.java:1857)
	at java.lang.Runtime.loadLibrary0(Runtime.java:870)
	at java.lang.System.loadLibrary(System.java:1119)
	at nc.ui.mes.video.SAA7134.<clinit>(SAA7134.java:27)
	at ui.VideoJFrame.initVideo(VideoJFrame.java:617)
	at ui.VideoJFrame.initComp(VideoJFrame.java:586)
	at ui.VideoJFrame.init(VideoJFrame.java:569)
	at videotest.VideoTest.main(VideoTest.java:17)
2016-04-25 15:39:30 992 加载视频结束
2016-04-25 15:39:36 484 视频监控发现视频未正常显示，重新启动视频
2016-04-25 15:40:55 632 开始加载视频...
2016-04-25 15:40:55 635 C:\Program Files (x86)\Java\jdk1.8.0_20\bin;C:\WINDOWS\Sun\Java\bin;C:\WINDOWS\system32;C:\WINDOWS;C:\Program Files (x86)\NVIDIA Corporation\PhysX\Common;C:\ProgramData\Oracle\Java\javapath;C:\WINDOWS\system32;C:\WINDOWS;C:\WINDOWS\System32\Wbem;C:\WINDOWS\System32\WindowsPowerShell\v1.0\;C:\Program Files\TortoiseSVN\bin;C:\Program Files\Microsoft SQL Server\120\DTS\Binn\;C:\Program Files\Microsoft SQL Server\Client SDK\ODBC\110\Tools\Binn\;D:\Program Files (x86)\Microsoft SQL Server\120\Tools\Binn\;C:\Program Files\Microsoft SQL Server\120\Tools\Binn\;D:\Program Files (x86)\Microsoft SQL Server\120\Tools\Binn\ManagementStudio\;D:\Program Files (x86)\Microsoft SQL Server\120\DTS\Binn\;.
2016-04-25 15:40:55 639 视频异常
java.lang.UnsatisfiedLinkError: no saa7134 in java.library.path
	at java.lang.ClassLoader.loadLibrary(ClassLoader.java:1857)
	at java.lang.Runtime.loadLibrary0(Runtime.java:870)
	at java.lang.System.loadLibrary(System.java:1119)
	at nc.ui.mes.video.SAA7134.<clinit>(SAA7134.java:27)
	at ui.VideoJFrame.initVideo(VideoJFrame.java:617)
	at ui.VideoJFrame.initComp(VideoJFrame.java:586)
	at ui.VideoJFrame.init(VideoJFrame.java:569)
	at videotest.VideoTest.main(VideoTest.java:17)
2016-04-25 15:40:55 641 加载视频结束
2016-04-25 15:41:01 110 视频监控发现视频未正常显示，重新启动视频
2016-04-25 15:41:02 110 开始加载视频...
2016-04-25 15:41:02 110 视频异常
java.lang.NoClassDefFoundError: Could not initialize class nc.ui.mes.video.SAA7134
	at ui.VideoJFrame.initVideo(VideoJFrame.java:617)
	at ui.VideoJFrame$16.run(VideoJFrame.java:689)
2016-04-25 15:41:02 110 加载视频结束
2016-04-25 15:41:07 168 视频监控发现视频未正常显示，重新启动视频
2016-04-25 15:41:08 169 开始加载视频...
2016-04-25 15:41:08 169 视频异常
java.lang.NoClassDefFoundError: Could not initialize class nc.ui.mes.video.SAA7134
	at ui.VideoJFrame.initVideo(VideoJFrame.java:617)
	at ui.VideoJFrame$16.run(VideoJFrame.java:689)
2016-04-25 15:41:08 170 加载视频结束
2016-04-25 15:41:16 281 开始加载视频...
2016-04-25 15:41:16 284 C:\Program Files (x86)\Java\jdk1.8.0_20\bin;C:\WINDOWS\Sun\Java\bin;C:\WINDOWS\system32;C:\WINDOWS;C:\Program Files (x86)\NVIDIA Corporation\PhysX\Common;C:\ProgramData\Oracle\Java\javapath;C:\WINDOWS\system32;C:\WINDOWS;C:\WINDOWS\System32\Wbem;C:\WINDOWS\System32\WindowsPowerShell\v1.0\;C:\Program Files\TortoiseSVN\bin;C:\Program Files\Microsoft SQL Server\120\DTS\Binn\;C:\Program Files\Microsoft SQL Server\Client SDK\ODBC\110\Tools\Binn\;D:\Program Files (x86)\Microsoft SQL Server\120\Tools\Binn\;C:\Program Files\Microsoft SQL Server\120\Tools\Binn\;D:\Program Files (x86)\Microsoft SQL Server\120\Tools\Binn\ManagementStudio\;D:\Program Files (x86)\Microsoft SQL Server\120\DTS\Binn\;.
2016-04-25 15:41:16 290 视频异常
java.lang.UnsatisfiedLinkError: no saa7134 in java.library.path
	at java.lang.ClassLoader.loadLibrary(ClassLoader.java:1857)
	at java.lang.Runtime.loadLibrary0(Runtime.java:870)
	at java.lang.System.loadLibrary(System.java:1119)
	at nc.ui.mes.video.SAA7134.<clinit>(SAA7134.java:27)
	at ui.VideoJFrame.initVideo(VideoJFrame.java:619)
	at ui.VideoJFrame.initComp(VideoJFrame.java:588)
	at ui.VideoJFrame.init(VideoJFrame.java:571)
	at videotest.VideoTest.main(VideoTest.java:17)
2016-04-25 15:41:16 292 加载视频结束
2016-04-25 15:42:56 853 开始加载视频...
2016-04-25 15:42:56 855 C:\Program Files (x86)\Java\jdk1.8.0_20\bin;C:\WINDOWS\Sun\Java\bin;C:\WINDOWS\system32;C:\WINDOWS;C:\Program Files (x86)\NVIDIA Corporation\PhysX\Common;C:\ProgramData\Oracle\Java\javapath;C:\WINDOWS\system32;C:\WINDOWS;C:\WINDOWS\System32\Wbem;C:\WINDOWS\System32\WindowsPowerShell\v1.0\;C:\Program Files\TortoiseSVN\bin;C:\Program Files\Microsoft SQL Server\120\DTS\Binn\;C:\Program Files\Microsoft SQL Server\Client SDK\ODBC\110\Tools\Binn\;D:\Program Files (x86)\Microsoft SQL Server\120\Tools\Binn\;C:\Program Files\Microsoft SQL Server\120\Tools\Binn\;D:\Program Files (x86)\Microsoft SQL Server\120\Tools\Binn\ManagementStudio\;D:\Program Files (x86)\Microsoft SQL Server\120\DTS\Binn\;.
2016-04-25 15:42:56 859 视频异常
java.lang.UnsatisfiedLinkError: no saa7134 in java.library.path
	at java.lang.ClassLoader.loadLibrary(ClassLoader.java:1857)
	at java.lang.Runtime.loadLibrary0(Runtime.java:870)
	at java.lang.System.loadLibrary(System.java:1119)
	at nc.ui.mes.video.SAA7134.<clinit>(SAA7134.java:27)
	at ui.VideoJFrame.initVideo(VideoJFrame.java:619)
	at ui.VideoJFrame.initComp(VideoJFrame.java:588)
	at ui.VideoJFrame.init(VideoJFrame.java:571)
	at videotest.VideoTest.main(VideoTest.java:17)
2016-04-25 15:42:56 861 加载视频结束
2016-04-25 15:42:56 882 启用字符叠加器：COM9,9600,8,1,0,,1
2016-04-25 15:42:56 913 字符叠加器初始化失败
javax.comm.NoSuchPortException
	at javax.comm.CommPortIdentifier.getPortIdentifier(CommPortIdentifier.java:105)
	at tool.VideoInstruction.init(VideoInstruction.java:55)
	at ui.VideoJFrame.initVideoInstruction(VideoJFrame.java:727)
	at ui.VideoJFrame.open(VideoJFrame.java:596)
	at videotest.VideoTest.main(VideoTest.java:18)
2016-04-25 15:47:36 926 开始加载视频...
2016-04-25 15:47:36 928 C:\Program Files (x86)\Java\jdk1.8.0_20\bin;C:\WINDOWS\Sun\Java\bin;C:\WINDOWS\system32;C:\WINDOWS;C:\Program Files (x86)\NVIDIA Corporation\PhysX\Common;C:\ProgramData\Oracle\Java\javapath;C:\WINDOWS\system32;C:\WINDOWS;C:\WINDOWS\System32\Wbem;C:\WINDOWS\System32\WindowsPowerShell\v1.0\;C:\Program Files\TortoiseSVN\bin;C:\Program Files\Microsoft SQL Server\120\DTS\Binn\;C:\Program Files\Microsoft SQL Server\Client SDK\ODBC\110\Tools\Binn\;D:\Program Files (x86)\Microsoft SQL Server\120\Tools\Binn\;C:\Program Files\Microsoft SQL Server\120\Tools\Binn\;D:\Program Files (x86)\Microsoft SQL Server\120\Tools\Binn\ManagementStudio\;D:\Program Files (x86)\Microsoft SQL Server\120\DTS\Binn\;.
2016-04-25 15:47:36 932 视频异常
java.lang.UnsatisfiedLinkError: no saa7134 in java.library.path
	at java.lang.ClassLoader.loadLibrary(ClassLoader.java:1857)
	at java.lang.Runtime.loadLibrary0(Runtime.java:870)
	at java.lang.System.loadLibrary(System.java:1119)
	at nc.ui.mes.video.SAA7134.<clinit>(SAA7134.java:27)
	at ui.VideoJFrame.initVideo(VideoJFrame.java:620)
	at ui.VideoJFrame.initComp(VideoJFrame.java:589)
	at ui.VideoJFrame.init(VideoJFrame.java:573)
	at videotest.VideoTest.main(VideoTest.java:17)
2016-04-25 15:47:36 934 加载视频结束
2016-04-25 15:47:36 968 启用字符叠加器：COM9,9600,8,1,0,,1
2016-04-25 15:47:36 985 字符叠加器初始化失败
javax.comm.NoSuchPortException
	at javax.comm.CommPortIdentifier.getPortIdentifier(CommPortIdentifier.java:105)
	at tool.VideoInstruction.init(VideoInstruction.java:55)
	at ui.VideoJFrame.initVideoInstruction(VideoJFrame.java:728)
	at ui.VideoJFrame.open(VideoJFrame.java:597)
	at videotest.VideoTest.main(VideoTest.java:18)
2016-04-25 15:47:42 394 视频监控发现视频未正常显示，重新启动视频
2016-04-25 15:47:43 394 开始加载视频...
2016-04-25 15:47:43 394 视频异常
java.lang.NoClassDefFoundError: Could not initialize class nc.ui.mes.video.SAA7134
	at ui.VideoJFrame.initVideo(VideoJFrame.java:620)
	at ui.VideoJFrame$16.run(VideoJFrame.java:692)
2016-04-25 15:47:43 396 加载视频结束
